000 (486507.000.000) 10/28 13:57:34 Job submitted from host: <144.92.142.172:9620?sock=19151_5432_3>
    DAG Node: 551.2+551.2
...
001 (486507.000.000) 10/28 13:59:00 Job executing on host: <128.105.244.35:39721>
...
006 (486507.000.000) 10/28 13:59:09 Image size of job updated: 124592
	42  -  MemoryUsage of job (MB)
	42696  -  ResidentSetSize of job (KB)
...
005 (486507.000.000) 10/28 13:59:38 Job terminated.
	(1) Normal termination (return value 0)
		Usr 0 00:00:34, Sys 0 00:00:00  -  Run Remote Usage
		Usr 0 00:00:00, Sys 0 00:00:00  -  Run Local Usage
		Usr 0 00:00:34, Sys 0 00:00:00  -  Total Remote Usage
		Usr 0 00:00:00, Sys 0 00:00:00  -  Total Local Usage
	4897448  -  Run Bytes Sent By Job
	3974882  -  Run Bytes Received By Job
	4897448  -  Total Bytes Sent By Job
	3974882  -  Total Bytes Received By Job
	Partitionable Resources :    Usage  Request Allocated
	   Cpus                 :                 1         1
	   Disk (KB)            :    30656  2000000  64643675
	   Memory (MB)          :       42     2000      2675
...
