000 (495791.000.000) 10/28 16:41:28 Job submitted from host: <144.92.142.172:9620?sock=19151_5432_3>
    DAG Node: 47540.2+47540.2
...
001 (495791.000.000) 10/28 16:42:05 Job executing on host: <128.104.55.109:60337>
...
006 (495791.000.000) 10/28 16:42:13 Image size of job updated: 100036
	0  -  MemoryUsage of job (MB)
	0  -  ResidentSetSize of job (KB)
...
005 (495791.000.000) 10/28 16:42:13 Job terminated.
	(1) Normal termination (return value 0)
		Usr 0 00:00:03, Sys 0 00:00:00  -  Run Remote Usage
		Usr 0 00:00:00, Sys 0 00:00:00  -  Run Local Usage
		Usr 0 00:00:03, Sys 0 00:00:00  -  Total Remote Usage
		Usr 0 00:00:00, Sys 0 00:00:00  -  Total Local Usage
	1255359  -  Run Bytes Sent By Job
	1080489  -  Run Bytes Received By Job
	1255359  -  Total Bytes Sent By Job
	1080489  -  Total Bytes Received By Job
	Partitionable Resources :    Usage  Request Allocated
	   Cpus                 :                 1         1
	   Disk (KB)            :    23540  2000000   4033241
	   Memory (MB)          :        0     2000      2000
...
