000 (485051.000.000) 10/28 13:31:51 Job submitted from host: <144.92.142.172:9620?sock=19151_5432_3>
    DAG Node: 327+327
...
001 (485051.000.000) 10/28 13:36:12 Job executing on host: <128.105.244.124:56243>
...
006 (485051.000.000) 10/28 13:36:21 Image size of job updated: 7
	3  -  MemoryUsage of job (MB)
	2444  -  ResidentSetSize of job (KB)
...
006 (485051.000.000) 10/28 13:36:34 Image size of job updated: 110624
	3  -  MemoryUsage of job (MB)
	2444  -  ResidentSetSize of job (KB)
...
005 (485051.000.000) 10/28 13:36:35 Job terminated.
	(1) Normal termination (return value 0)
		Usr 0 00:00:09, Sys 0 00:00:00  -  Run Remote Usage
		Usr 0 00:00:00, Sys 0 00:00:00  -  Run Local Usage
		Usr 0 00:00:09, Sys 0 00:00:00  -  Total Remote Usage
		Usr 0 00:00:00, Sys 0 00:00:00  -  Total Local Usage
	2881386  -  Run Bytes Sent By Job
	2438787  -  Run Bytes Received By Job
	2881386  -  Total Bytes Sent By Job
	2438787  -  Total Bytes Received By Job
	Partitionable Resources :    Usage  Request Allocated
	   Cpus                 :                 1         1
	   Disk (KB)            :    30462  2000000   3193198
	   Memory (MB)          :        3     2000      2000
...
