000 (493171.000.000) 10/28 15:55:06 Job submitted from host: <144.92.142.172:9620?sock=19151_5432_3>
    DAG Node: 11173.2+11173.2
...
001 (493171.000.000) 10/28 15:56:29 Job executing on host: <128.105.244.30:52183>
...
006 (493171.000.000) 10/28 15:56:38 Image size of job updated: 7
	3  -  MemoryUsage of job (MB)
	2520  -  ResidentSetSize of job (KB)
...
006 (493171.000.000) 10/28 15:59:27 Image size of job updated: 156924
	3  -  MemoryUsage of job (MB)
	2520  -  ResidentSetSize of job (KB)
...
005 (493171.000.000) 10/28 15:59:28 Job terminated.
	(1) Normal termination (return value 0)
		Usr 0 00:02:42, Sys 0 00:00:00  -  Run Remote Usage
		Usr 0 00:00:00, Sys 0 00:00:00  -  Run Local Usage
		Usr 0 00:02:42, Sys 0 00:00:00  -  Total Remote Usage
		Usr 0 00:00:00, Sys 0 00:00:00  -  Total Local Usage
	8568434  -  Run Bytes Sent By Job
	8082215  -  Run Bytes Received By Job
	8568434  -  Total Bytes Sent By Job
	8082215  -  Total Bytes Received By Job
	Partitionable Resources :    Usage  Request Allocated
	   Cpus                 :                 1         1
	   Disk (KB)            :    37815  2000000  65213585
	   Memory (MB)          :        3     2000      2675
...
