_CONDOR_ANCESTOR_17839=24113:1380712840:4127948248
_CONDOR_ANCESTOR_23478=23482:1382989313:2036852772
_CONDOR_ANCESTOR_24113=23478:1382989275:1922542670
TEMP=/var/lib/condor/execute/slot1/dir_23478
_CONDOR_SCRATCH_DIR=/var/lib/condor/execute/slot1/dir_23478
_CONDOR_SLOT=slot1_8
TMPDIR=/var/lib/condor/execute/slot1/dir_23478
_CONDOR_JOB_PIDS=
TMP=/var/lib/condor/execute/slot1/dir_23478
_CONDOR_JOB_AD=/var/lib/condor/execute/slot1/dir_23478/.job.ad
_CONDOR_JOB_IWD=/var/lib/condor/execute/slot1/dir_23478
_CONDOR_MACHINE_AD=/var/lib/condor/execute/slot1/dir_23478/.machine.ad
PATH=/usr/local/bin:/usr/kerberos/bin:/usr/bin:/bin
MachineAdTest: looking for <IsEuclid>
Euclid test returned <no>
Calling curl to fetch chtcinnerwrapper try 0
Curl error <0>
MachineAdTest: looking for <IsEuclid>
Euclid test returned <no>
Trying to open logfile... ChtcWrapper36813.out
Done Running chtcinnerwrapper Result was <0>
All went well!
