Use of uninitialized value in concatenation (.) or string at ./chtcinnerwrapper line 103, <MA> line 215.
What do we have for version? <>
--version should be used for Matlab, R and Python
Controls: <do.sh>
Use of uninitialized value in concatenation (.) or string at ./chtcinnerwrapper line 280.
Use of uninitialized value in concatenation (.) or string at ./chtcinnerwrapper line 280.
Running: <Other   sh 40104 do.sh>
Running here: uc3-c008.mwt2.org
GLIDEIN_ResourceName=MWT2
GLIDEIN_SEs=uct2-dc1.uchicago.edu
MANPATH=/share/wn-client/globus/man::/share/wn-client/vdt/man:/share/wn-client/perl/man:/share/wn-client/expat/man:/share/wn-client/logrotate/man:/share/wn-client/wget/man:/share/wn-client/jdk1.6/man:/share/wn-client/curl/share/man:/share/wn-client/glite/share/man:/share/wn-client/lcg/man
_CONDOR_JOB_PIDS=
GRIDMAP=/var/lib/condor/execute/dir_1226/glide_qo1304/grid-mapfile
GLIDEIN_REQUIRE_GLEXEC_USE=False
PAC_ANCHOR=/share/wn-client
OSG_GLEXEC_LOCATION=None
VOMS_USERCONF=/share/wn-client/glite/etc/vomses
CHANGED_X509=/var/lib/globus/job_home/glow/.globus/job/osg-gk/16362135171944043971.1657325763765259447/x509_user_proxy
GLOBUS_PATH=/share/wn-client/globus
GLIDEIN_CPUS=1
GLOBUS_LOCATION=/share/wn-client/globus
TMPDIR=/var/lib/condor/execute/dir_1226/glide_qo1304/execute/dir_16430
PERL5LIB=/share/wn-client/perl/lib/5.8.0:/share/wn-client/perl/lib/5.8.0/x86_64-linux-thread-multi:/share/wn-client/perl/lib/site_perl/5.8.0:/share/wn-client/perl/lib/site_perl/5.8.0/x86_64-linux-thread-multi:/share/wn-client/vdt/lib:
GLIDECLIENT_Signature=f26601d624f4985941848a9ed246a6a5bc9e6348
GLOBUS_GASS_CACHE_DEFAULT=/var/lib/globus/gass_cache/glow
_CONDOR_SCRATCH_DIR=/var/lib/condor/execute/dir_1226/glide_qo1304/execute/dir_16430
VDTSETUP_AGREE_TO_LICENSES=y
_CONDOR_ANCESTOR_16430=16434:1382986559:3239545249
X509_CERT_DIR=/share/wn-client/globus/TRUSTED_CA
OSG_WN_TMP=/scratch
_CONDOR_ANCESTOR_6219=6221:1382986199:2036607514
GLIDEIN_SE_BASEPATH=srm://uct2-dc1.uchicago.edu:8443/srm/managerv2?SFN=/pnfs/uchicago.edu/
VDTSETUP_GOOD_PLATFORM=1
ANT_HOME=/share/wn-client/ant
GLIDEIN_REQUIRE_VOMS=False
GLITE_LOCATION_LOG=/share/wn-client/glite/log
OSG_SQUID_LOCATION=uct2-grid1.uchicago.edu:3128
OSG_JOB_CONTACT=osg-gk.mwt2.org/jobmanager-condor
SRM_CONFIG=/share/wn-client/srm-client-fermi/etc/config-2.xml
OSG_SITE_WRITE=/osg/mwt2/data
GLOBUS_ERROR_VERBOSE=true
CONDOR_PARENT_ID=uc3-c008:16430:1382986556
LD_LIBRARY_PATH=/share/wn-client/lib32addon/glite/lib:/share/wn-client/lib32addon/expat/lib:/share/wn-client/lib32addon/lcg/lib:/share/wn-client/lib32addon/globus/lib:/share/wn-client/lcg/lib64:/share/wn-client/lcg/lib:/share/wn-client/openldap/lib:/share/wn-client/glite/lib64:/share/wn-client/glite/lib:/share/wn-client/curl/lib:/share/wn-client/jdk1.6/jre/lib/i386:/share/wn-client/jdk1.6/jre/lib/i386/server:/share/wn-client/jdk1.6/jre/lib/i386/client:/share/wn-client/globus/lib:/share/wn-client/berkeley-db/lib:/share/wn-client/expat/lib:/usr/lib
TEMP=/var/lib/condor/execute/dir_1226/glide_qo1304/execute/dir_16430
GLIDEIN_Entry_Name=Engage_US_MWT2_osg
GPT_LOCATION=/share/wn-client/gpt
VO_CMS_SW_DIR=/cvmfs/cms.cern.ch
GLIDEIN_Name=v3_0
GLITE_LOCATION_TMP=/share/wn-client/glite/tmp
ATLAS_LOCAL_AREA=/osg/mwt2/app/atlas_app/local
GLIDEIN_Entry_Signature=f24cdfbe94d64d8ae58b07faaca691e0b8adedb9
OSG_SITE_READ=/osg/mwt2/data
LIBPATH=/share/wn-client/globus/lib:/usr/lib:/lib
DCACHE_CLIENT_ACTIVE=true
GLOBUS_OPTIONS=-Xms256M -Xmx1024M
CONDOR_PROCD_ADDRESS_BASE=/var/lib/condor/execute/dir_1226/glide_qo1304/log/procd_address
GLIDECLIENT_Name=chtc.main
X509_CADIR=/share/wn-client/globus/TRUSTED_CA
GLIDEIN_Site=UChicago
_CONDOR_ANCESTOR_6221=16430:1382986556:4113127786
PATH=/usr/local/bin:/usr/kerberos/bin:/usr/bin:/bin
HOLD_GRACE_TIME=0
MY_INITIAL_DIR=$_CONDOR_SCRATCH_DIR
CONDOR_CONFIG=/var/lib/condor/execute/dir_1226/glide_qo1304/condor_config
OSG_DATA=/osg/mwt2/data
VDT_LOCATION=/share/wn-client
OSG_APP=/osg/mwt2/app
PWD=/var/lib/condor/execute/dir_1226/glide_qo1304/execute/dir_16430
JAVA_HOME=/share/wn-client/jdk1.6
X509_USER_CERT=/var/lib/condor/execute/dir_1226/glide_qo1304/hostcert.pem
_CONDOR_WRAPPER_ERROR_FILE=/var/lib/condor/execute/dir_1226/glide_qo1304/execute/dir_16430/.job_wrapper_failure
LANG=C
SRM_JAVA_OPTIONS="-Xms64m -Xmx64m -client"
GLOBUS_REMOTE_IO_URL=/var/lib/globus/job_home/glow/.globus/job/osg-gk/16362135171944043971.1657325763765259447/remote_io_file
VOMS_LOCATION=/share/wn-client/glite
GLIDEIN_Country=US
GLIDEIN_Nickname=MWT2_UC
X509_VOMS_DIR=/share/wn-client/glite/vomsdir
GLIDEIN_Gatekeeper=osg-gk.mwt2.org:2119/jobmanager-condor
_CONDOR_SLOT=
GLIDEIN_Tmp_Dir=/var/lib/condor/execute/dir_1226/glide_qo1304/tmp
OSG_GRID=/share/wn-client/
CATALINA_OPTS=-Dorg.globus.wsrf.container.persistence.dir=/share/wn-client/vdt-app-data/globus/persisted
GLIDEIN_Factory=SDSC
GLIDEIN_GridType=gt5
GLIDEIN_Proxy_URL=None
GLIDECLIENT_Group=main
OSG_HOSTNAME=osg-gk.mwt2.org
GLIDEIN_Expose_Grid_Env=True
_CONDOR_EXECUTE=/var/lib/condor/execute/dir_1226/glide_qo1304/execute
PREEMPT_GRACE_TIME=10000000
GLITE_LOCATION_VAR=/share/wn-client/glite/var
SHLVL=2
HOME=/var/lib/condor/execute/dir_1226/glide_qo1304/execute/dir_16430
GLIDECLIENT_Group_Signature=4815099c63f300747ccc7bc7224a51a25f586ba3
GLOBUS_TCP_PORT_RANGE=20000,30000
OSG_STORAGE_ELEMENT=True
_CONDOR_MACHINE_AD=/var/lib/condor/execute/dir_1226/glide_qo1304/execute/dir_16430/.machine.ad
X509_USER_PROXY=/var/lib/condor/execute/dir_1226/glide_qo1304/ticket/myproxy
GSI_AUTHZ_CONF=/dev/null
DYLD_LIBRARY_PATH=/share/wn-client/globus/lib
GLIDEIN_Signature=bf163ff013316b20da385a2c52c1bb5915751a68
VDT_INSTALL_LOG=vdt-install.log
SCRATCH_DIRECTORY=$_CONDOR_SCRATCH_DIR
OSG_DEFAULT_SE=MWT2_UC_SE
GLIDEIN_Schedd=schedd_glideins5@gfactory-1.t2.ucsd.edu
LOGNAME=glow
PYTHONPATH=/share/wn-client/lcg/lib64/python2/site-packages:
GLIDEIN_Glexec_Use=NEVER
TMP=/var/lib/condor/execute/dir_1226/glide_qo1304/execute/dir_16430
GLOBUS_TCP_SOURCE_RANGE=20000,30000
VOS_USING_SE_BASEPATH=Engage,GLOW,HCC,OSG
GLIDEIN_Monitoring_Enabled=False
OSG_SITE_NAME=MWT2
GLIDEIN_ClusterId=1236796
GLIDEIN_ProcId=3
_CONDOR_JOB_AD=/var/lib/condor/execute/dir_1226/glide_qo1304/execute/dir_16430/.job.ad
SHLIB_PATH=/share/wn-client/globus/lib
VDT_POSTINSTALL_README=/share/wn-client/post-install/README
VO_ATLAS_SW_DIR=/cvmfs/atlas.cern.ch/repo/sw
GLITE_LOCATION=/share/wn-client/glite
_CONDOR_JOB_IWD=/var/lib/condor/execute/dir_1226/glide_qo1304/execute/dir_16430
GLOBUS_GRAM_JOB_CONTACT=https://osg-gk.mwt2.org:20255/16362135171944043971/1657325763765259447/
PACMAN_LOCATION=/opt/pacman
X509_USER_KEY=/var/lib/condor/execute/dir_1226/glide_qo1304/hostkey.pem
CONDOR_PROCD_ADDRESS=/var/lib/condor/execute/dir_1226/glide_qo1304/log/procd_address.STARTD
HTTP_PROXY=uct2-grid1.uchicago.edu:3128
http_proxy=uct2-grid1.uchicago.edu:3128


 ******** My Verison = <<<<1.08>>>> 

Starting to run <sh> <40104> <do.sh>
Use of uninitialized value in concatenation (.) or string at ./chtcinnerwrapper line 306.
Use of uninitialized value in concatenation (.) or string at ./chtcinnerwrapper line 306.
Using <Other> <> <>
Filesystem           1K-blocks      Used Available Use% Mounted on
/dev/sda2            867263088  30611272 790394256   4% /
/var/lib/condor/execute/dir_1226/glide_qo1304/execute/dir_16430
URL: <<http://proxy.chtc.wisc.edu/SQUID/>>
Curl attempt:<curl -H "Pragma:" --fail -o SLIBS1.tar.gz http://proxy.chtc.wisc.edu/SQUID/SLIBS1.tar.gz>
  % Total    % Received % Xferd  Average Speed   Time    Time     Time  Current
                                 Dload  Upload   Total   Spent    Left  Speed
  0 4593k    0     0    0     0      0      0 --:--:-- --:--:-- --:--:--     0100 4593k  100 4593k    0     0  76.3M      0 --:--:-- --:--:-- --:--:--  112M
Curl result <0>
TYPE = Other, checking for operating system dependent bin for<sl5>
In HandleSl5Sl6Bins for OS <sl5> ******************************************
/var/lib/condor/execute/dir_1226/glide_qo1304/execute/dir_16430
AuditLog.40104
CURLTIME_16434
ChtcWrapper40104.out
SLIBS1.tar.gz
SS
_condor_stderr
_condor_stdout
chtcinnerwrapper
condor_exec.exe
cuneiform-page-0001.html
cuneiform-page-0002.html
cuneiform-page-0003.html
cuneiform-page-0004.html
cuneiform-page-0005.html
cuneiform-page-0006.html
cuneiform-page-0007.html
cuneiform-page-0008.html
cuneiform-page-0009.html
cuneiform-page-0010.html
cuneiform-page-0011.html
cuneiform-page-0012.html
cuneiform-page-0013.html
cuneiform-page-0014.html
cuneiform-page-0015.html
cuneiform-page-0016.html
cuneiform-page-0017.html
cuneiform-page-0018.html
cuneiform-page-0019.html
cuneiform-page-0020.html
cuneiform-page-0021.html
cuneiform-page-0022.html
cuneiform-page-0023.html
cuneiform-page-0024.html
cuneiform-page-0025.html
cuneiform-page-0026.html
cuneiform-page-0027.html
cuneiform-page-0028.html
cuneiform-page-0029.html
cuneiform-page-0030.html
cuneiform-page-0031.html
cuneiform-page-0032.html
cuneiform-page-0033.html
cuneiform-page-0034.html
cuneiform-page-0035.html
cuneiform-page-0036.html
cuneiform-page-0037.html
cuneiform-page-0038.html
cuneiform-page-0039.html
cuneiform-page-0040.html
cuneiform-page-0041.html
cuneiform-page-0042.html
cuneiform-page-0043.html
cuneiform-page-0044.html
cuneiform-page-0045.html
cuneiform-page-0046.html
cuneiform-page-0047.html
cuneiform-page-0048.html
cuneiform-page-0049.html
cuneiform-page-0050.html
cuneiform-page-0051.html
cuneiform-page-0052.html
cuneiform-page-0053.html
cuneiform-page-0054.html
cuneiform-page-0055.html
cuneiform-page-0056.html
cuneiform-page-0057.html
cuneiform-page-0058.html
cuneiform-page-0059.html
cuneiform-page-0060.html
cuneiform-page-0061.html
cuneiform-page-0062.html
cuneiform-page-0063.html
cuneiform-page-0064.html
cuneiform-page-0065.html
cuneiform-page-0066.html
cuneiform-page-0067.html
cuneiform-page-0068.html
cuneiform-page-0069.html
cuneiform-page-0070.html
cuneiform-page-0071.html
cuneiform-page-0072.html
cuneiform-page-0073.html
cuneiform-page-0074.html
cuneiform-page-0075.html
cuneiform-page-0076.html
cuneiform-page-0077.html
cuneiform-page-0078.html
cuneiform-page-0079.html
cuneiform-page-0080.html
cuneiform-page-0081.html
cuneiform-page-0082.html
cuneiform-page-0083.html
cuneiform-page-0084.html
cuneiform-page-0085.html
cuneiform-page-0086.html
cuneiform-page-0087.html
cuneiform-page-0088.html
cuneiform-page-0089.html
cuneiform-page-0090.html
cuneiform-page-0091.html
cuneiform-page-0092.html
cuneiform-page-0093.html
cuneiform-page-0094.html
cuneiform-page-0095.html
cuneiform-page-0096.html
cuneiform-page-0097.html
cuneiform-page-0098.html
cuneiform-page-0099.html
cuneiform-page-0100.html
cuneiform-page-0101.html
cuneiform-page-0102.html
cuneiform-page-0103.html
cuneiform-page-0104.html
cuneiform-page-0105.html
cuneiform-page-0106.html
cuneiform-page-0107.html
cuneiform-page-0108.html
cuneiform-page-0109.html
cuneiform-page-0110.html
cuneiform-page-0111.html
cuneiform-page-0112.html
cuneiform-page-0113.html
cuneiform-page-0114.html
cuneiform_fonttype
do.sh
input.text
looking to untar <sl5bin.tar.gz> ********************************************
looking for bin <sl5bin> ********************************************
HASHBIN has value ZERO ???????????????? *************************
version not defined. No runtime needed. Moving on.
SANDBOX SPACE:
24M	.
Tar file to extract is <40104.tar.gz>
Running here: uc3-c008.mwt2.org
GLIDEIN_ResourceName=MWT2
GLIDEIN_SEs=uct2-dc1.uchicago.edu
MANPATH=/share/wn-client/globus/man::/share/wn-client/vdt/man:/share/wn-client/perl/man:/share/wn-client/expat/man:/share/wn-client/logrotate/man:/share/wn-client/wget/man:/share/wn-client/jdk1.6/man:/share/wn-client/curl/share/man:/share/wn-client/glite/share/man:/share/wn-client/lcg/man
_CONDOR_JOB_PIDS=
GRIDMAP=/var/lib/condor/execute/dir_1226/glide_qo1304/grid-mapfile
GLIDEIN_REQUIRE_GLEXEC_USE=False
PAC_ANCHOR=/share/wn-client
OSG_GLEXEC_LOCATION=None
VOMS_USERCONF=/share/wn-client/glite/etc/vomses
CHANGED_X509=/var/lib/globus/job_home/glow/.globus/job/osg-gk/16362135171944043971.1657325763765259447/x509_user_proxy
GLOBUS_PATH=/share/wn-client/globus
GLIDEIN_CPUS=1
GLOBUS_LOCATION=/share/wn-client/globus
TMPDIR=/var/lib/condor/execute/dir_1226/glide_qo1304/execute/dir_16430
PERL5LIB=/share/wn-client/perl/lib/5.8.0:/share/wn-client/perl/lib/5.8.0/x86_64-linux-thread-multi:/share/wn-client/perl/lib/site_perl/5.8.0:/share/wn-client/perl/lib/site_perl/5.8.0/x86_64-linux-thread-multi:/share/wn-client/vdt/lib:
GLIDECLIENT_Signature=f26601d624f4985941848a9ed246a6a5bc9e6348
GLOBUS_GASS_CACHE_DEFAULT=/var/lib/globus/gass_cache/glow
_CONDOR_SCRATCH_DIR=/var/lib/condor/execute/dir_1226/glide_qo1304/execute/dir_16430
VDTSETUP_AGREE_TO_LICENSES=y
_CONDOR_ANCESTOR_16430=16434:1382986559:3239545249
X509_CERT_DIR=/share/wn-client/globus/TRUSTED_CA
OSG_WN_TMP=/scratch
_CONDOR_ANCESTOR_6219=6221:1382986199:2036607514
GLIDEIN_SE_BASEPATH=srm://uct2-dc1.uchicago.edu:8443/srm/managerv2?SFN=/pnfs/uchicago.edu/
VDTSETUP_GOOD_PLATFORM=1
ANT_HOME=/share/wn-client/ant
GLIDEIN_REQUIRE_VOMS=False
GLITE_LOCATION_LOG=/share/wn-client/glite/log
OSG_SQUID_LOCATION=uct2-grid1.uchicago.edu:3128
OSG_JOB_CONTACT=osg-gk.mwt2.org/jobmanager-condor
SRM_CONFIG=/share/wn-client/srm-client-fermi/etc/config-2.xml
OSG_SITE_WRITE=/osg/mwt2/data
GLOBUS_ERROR_VERBOSE=true
CONDOR_PARENT_ID=uc3-c008:16430:1382986556
LD_LIBRARY_PATH=/var/lib/condor/execute/dir_1226/glide_qo1304/execute/dir_16430/SS:/share/wn-client/lib32addon/glite/lib:/share/wn-client/lib32addon/expat/lib:/share/wn-client/lib32addon/lcg/lib:/share/wn-client/lib32addon/globus/lib:/share/wn-client/lcg/lib64:/share/wn-client/lcg/lib:/share/wn-client/openldap/lib:/share/wn-client/glite/lib64:/share/wn-client/glite/lib:/share/wn-client/curl/lib:/share/wn-client/jdk1.6/jre/lib/i386:/share/wn-client/jdk1.6/jre/lib/i386/server:/share/wn-client/jdk1.6/jre/lib/i386/client:/share/wn-client/globus/lib:/share/wn-client/berkeley-db/lib:/share/wn-client/expat/lib:/usr/lib
TEMP=/var/lib/condor/execute/dir_1226/glide_qo1304/execute/dir_16430
GLIDEIN_Entry_Name=Engage_US_MWT2_osg
GPT_LOCATION=/share/wn-client/gpt
VO_CMS_SW_DIR=/cvmfs/cms.cern.ch
GLIDEIN_Name=v3_0
GLITE_LOCATION_TMP=/share/wn-client/glite/tmp
ATLAS_LOCAL_AREA=/osg/mwt2/app/atlas_app/local
GLIDEIN_Entry_Signature=f24cdfbe94d64d8ae58b07faaca691e0b8adedb9
OSG_SITE_READ=/osg/mwt2/data
LIBPATH=/share/wn-client/globus/lib:/usr/lib:/lib
DCACHE_CLIENT_ACTIVE=true
GLOBUS_OPTIONS=-Xms256M -Xmx1024M
CONDOR_PROCD_ADDRESS_BASE=/var/lib/condor/execute/dir_1226/glide_qo1304/log/procd_address
GLIDECLIENT_Name=chtc.main
X509_CADIR=/share/wn-client/globus/TRUSTED_CA
GLIDEIN_Site=UChicago
_CONDOR_ANCESTOR_6221=16430:1382986556:4113127786
PATH=.:/usr/local/bin:/usr/kerberos/bin:/usr/bin:/bin
HOLD_GRACE_TIME=0
MY_INITIAL_DIR=$_CONDOR_SCRATCH_DIR
CONDOR_CONFIG=/var/lib/condor/execute/dir_1226/glide_qo1304/condor_config
OSG_DATA=/osg/mwt2/data
VDT_LOCATION=/share/wn-client
OSG_APP=/osg/mwt2/app
PWD=/var/lib/condor/execute/dir_1226/glide_qo1304/execute/dir_16430
JAVA_HOME=/share/wn-client/jdk1.6
X509_USER_CERT=/var/lib/condor/execute/dir_1226/glide_qo1304/hostcert.pem
_CONDOR_WRAPPER_ERROR_FILE=/var/lib/condor/execute/dir_1226/glide_qo1304/execute/dir_16430/.job_wrapper_failure
LANG=C
SRM_JAVA_OPTIONS="-Xms64m -Xmx64m -client"
GLOBUS_REMOTE_IO_URL=/var/lib/globus/job_home/glow/.globus/job/osg-gk/16362135171944043971.1657325763765259447/remote_io_file
VOMS_LOCATION=/share/wn-client/glite
GLIDEIN_Country=US
GLIDEIN_Nickname=MWT2_UC
X509_VOMS_DIR=/share/wn-client/glite/vomsdir
GLIDEIN_Gatekeeper=osg-gk.mwt2.org:2119/jobmanager-condor
_CONDOR_SLOT=
GLIDEIN_Tmp_Dir=/var/lib/condor/execute/dir_1226/glide_qo1304/tmp
OSG_GRID=/share/wn-client/
CATALINA_OPTS=-Dorg.globus.wsrf.container.persistence.dir=/share/wn-client/vdt-app-data/globus/persisted
GLIDEIN_Factory=SDSC
GLIDEIN_GridType=gt5
GLIDEIN_Proxy_URL=None
GLIDECLIENT_Group=main
OSG_HOSTNAME=osg-gk.mwt2.org
GLIDEIN_Expose_Grid_Env=True
_CONDOR_EXECUTE=/var/lib/condor/execute/dir_1226/glide_qo1304/execute
PREEMPT_GRACE_TIME=10000000
GLITE_LOCATION_VAR=/share/wn-client/glite/var
SHLVL=2
HOME=/var/lib/condor/execute/dir_1226/glide_qo1304/execute/dir_16430
GLIDECLIENT_Group_Signature=4815099c63f300747ccc7bc7224a51a25f586ba3
GLOBUS_TCP_PORT_RANGE=20000,30000
OSG_STORAGE_ELEMENT=True
_CONDOR_MACHINE_AD=/var/lib/condor/execute/dir_1226/glide_qo1304/execute/dir_16430/.machine.ad
X509_USER_PROXY=/var/lib/condor/execute/dir_1226/glide_qo1304/ticket/myproxy
GSI_AUTHZ_CONF=/dev/null
DYLD_LIBRARY_PATH=/share/wn-client/globus/lib
GLIDEIN_Signature=bf163ff013316b20da385a2c52c1bb5915751a68
VDT_INSTALL_LOG=vdt-install.log
SCRATCH_DIRECTORY=$_CONDOR_SCRATCH_DIR
OSG_DEFAULT_SE=MWT2_UC_SE
GLIDEIN_Schedd=schedd_glideins5@gfactory-1.t2.ucsd.edu
LOGNAME=glow
PYTHONPATH=/share/wn-client/lcg/lib64/python2/site-packages:
GLIDEIN_Glexec_Use=NEVER
TMP=/var/lib/condor/execute/dir_1226/glide_qo1304/execute/dir_16430
GLOBUS_TCP_SOURCE_RANGE=20000,30000
VOS_USING_SE_BASEPATH=Engage,GLOW,HCC,OSG
GLIDEIN_Monitoring_Enabled=False
OSG_SITE_NAME=MWT2
GLIDEIN_ClusterId=1236796
GLIDEIN_ProcId=3
_CONDOR_JOB_AD=/var/lib/condor/execute/dir_1226/glide_qo1304/execute/dir_16430/.job.ad
SHLIB_PATH=/share/wn-client/globus/lib
VDT_POSTINSTALL_README=/share/wn-client/post-install/README
VO_ATLAS_SW_DIR=/cvmfs/atlas.cern.ch/repo/sw
GLITE_LOCATION=/share/wn-client/glite
_CONDOR_JOB_IWD=/var/lib/condor/execute/dir_1226/glide_qo1304/execute/dir_16430
GLOBUS_GRAM_JOB_CONTACT=https://osg-gk.mwt2.org:20255/16362135171944043971/1657325763765259447/
PACMAN_LOCATION=/opt/pacman
X509_USER_KEY=/var/lib/condor/execute/dir_1226/glide_qo1304/hostkey.pem
CONDOR_PROCD_ADDRESS=/var/lib/condor/execute/dir_1226/glide_qo1304/log/procd_address.STARTD
HTTP_PROXY=uct2-grid1.uchicago.edu:3128
http_proxy=uct2-grid1.uchicago.edu:3128
SANDBOX SPACE:
24M	.
total 10792
-rw-r--r-- 1 uc3 osgvo     115 Oct 28 13:55 AuditLog.40104
-rw-r--r-- 1 uc3 osgvo     118 Oct 28 13:55 CURLTIME_16434
-rw-r--r-- 1 uc3 osgvo   17797 Oct 28 13:55 ChtcWrapper40104.out
-rw-r--r-- 1 uc3 osgvo 4703655 Oct 28 13:55 SLIBS1.tar.gz
drwxr-xr-x 2 uc3 osgvo    4096 Oct 25  2011 SS
-rw-r--r-- 1 uc3 osgvo     317 Oct 28 13:55 _condor_stderr
-rw-r--r-- 1 uc3 osgvo    6600 Oct 28 13:55 _condor_stdout
-rwxr-xr-x 1 uc3 osgvo   35251 Oct 28 13:55 chtcinnerwrapper
-rwxr-xr-x 1 uc3 osgvo    5393 Oct 28 13:52 condor_exec.exe
-rwxr-xr-x 1 uc3 osgvo   43765 Oct 28 13:52 cuneiform-page-0001.html
-rwxr-xr-x 1 uc3 osgvo   11488 Oct 28 13:52 cuneiform-page-0002.html
-rwxr-xr-x 1 uc3 osgvo   85089 Oct 28 13:52 cuneiform-page-0003.html
-rwxr-xr-x 1 uc3 osgvo   46951 Oct 28 13:52 cuneiform-page-0004.html
-rwxr-xr-x 1 uc3 osgvo   39968 Oct 28 13:52 cuneiform-page-0005.html
-rwxr-xr-x 1 uc3 osgvo   40181 Oct 28 13:52 cuneiform-page-0006.html
-rwxr-xr-x 1 uc3 osgvo   17817 Oct 28 13:52 cuneiform-page-0007.html
-rwxr-xr-x 1 uc3 osgvo   15933 Oct 28 13:52 cuneiform-page-0008.html
-rwxr-xr-x 1 uc3 osgvo   40218 Oct 28 13:52 cuneiform-page-0009.html
-rwxr-xr-x 1 uc3 osgvo   39607 Oct 28 13:52 cuneiform-page-0010.html
-rwxr-xr-x 1 uc3 osgvo   31499 Oct 28 13:52 cuneiform-page-0011.html
-rwxr-xr-x 1 uc3 osgvo   28026 Oct 28 13:52 cuneiform-page-0012.html
-rwxr-xr-x 1 uc3 osgvo   18321 Oct 28 13:52 cuneiform-page-0013.html
-rwxr-xr-x 1 uc3 osgvo   21395 Oct 28 13:52 cuneiform-page-0014.html
-rwxr-xr-x 1 uc3 osgvo   26935 Oct 28 13:52 cuneiform-page-0015.html
-rwxr-xr-x 1 uc3 osgvo   22849 Oct 28 13:52 cuneiform-page-0016.html
-rwxr-xr-x 1 uc3 osgvo   21532 Oct 28 13:52 cuneiform-page-0017.html
-rwxr-xr-x 1 uc3 osgvo   18240 Oct 28 13:52 cuneiform-page-0018.html
-rwxr-xr-x 1 uc3 osgvo   20384 Oct 28 13:52 cuneiform-page-0019.html
-rwxr-xr-x 1 uc3 osgvo   14577 Oct 28 13:52 cuneiform-page-0020.html
-rwxr-xr-x 1 uc3 osgvo   14714 Oct 28 13:52 cuneiform-page-0021.html
-rwxr-xr-x 1 uc3 osgvo   24434 Oct 28 13:52 cuneiform-page-0022.html
-rwxr-xr-x 1 uc3 osgvo   38535 Oct 28 13:52 cuneiform-page-0023.html
-rwxr-xr-x 1 uc3 osgvo   44766 Oct 28 13:52 cuneiform-page-0024.html
-rwxr-xr-x 1 uc3 osgvo   39816 Oct 28 13:52 cuneiform-page-0025.html
-rwxr-xr-x 1 uc3 osgvo   36096 Oct 28 13:52 cuneiform-page-0026.html
-rwxr-xr-x 1 uc3 osgvo   31581 Oct 28 13:52 cuneiform-page-0027.html
-rwxr-xr-x 1 uc3 osgvo   37018 Oct 28 13:52 cuneiform-page-0028.html
-rwxr-xr-x 1 uc3 osgvo   41061 Oct 28 13:52 cuneiform-page-0029.html
-rwxr-xr-x 1 uc3 osgvo   30326 Oct 28 13:52 cuneiform-page-0030.html
-rwxr-xr-x 1 uc3 osgvo   14056 Oct 28 13:52 cuneiform-page-0031.html
-rwxr-xr-x 1 uc3 osgvo   39179 Oct 28 13:52 cuneiform-page-0032.html
-rwxr-xr-x 1 uc3 osgvo   39639 Oct 28 13:52 cuneiform-page-0033.html
-rwxr-xr-x 1 uc3 osgvo   33096 Oct 28 13:52 cuneiform-page-0034.html
-rwxr-xr-x 1 uc3 osgvo   39913 Oct 28 13:52 cuneiform-page-0035.html
-rwxr-xr-x 1 uc3 osgvo   37291 Oct 28 13:52 cuneiform-page-0036.html
-rwxr-xr-x 1 uc3 osgvo   32455 Oct 28 13:52 cuneiform-page-0037.html
-rwxr-xr-x 1 uc3 osgvo   33164 Oct 28 13:52 cuneiform-page-0038.html
-rwxr-xr-x 1 uc3 osgvo   31817 Oct 28 13:52 cuneiform-page-0039.html
-rwxr-xr-x 1 uc3 osgvo   37564 Oct 28 13:52 cuneiform-page-0040.html
-rwxr-xr-x 1 uc3 osgvo   17924 Oct 28 13:52 cuneiform-page-0041.html
-rwxr-xr-x 1 uc3 osgvo   39013 Oct 28 13:52 cuneiform-page-0042.html
-rwxr-xr-x 1 uc3 osgvo   27012 Oct 28 13:52 cuneiform-page-0043.html
-rwxr-xr-x 1 uc3 osgvo   25430 Oct 28 13:52 cuneiform-page-0044.html
-rwxr-xr-x 1 uc3 osgvo   31861 Oct 28 13:52 cuneiform-page-0045.html
-rwxr-xr-x 1 uc3 osgvo   32230 Oct 28 13:52 cuneiform-page-0046.html
-rwxr-xr-x 1 uc3 osgvo   38236 Oct 28 13:52 cuneiform-page-0047.html
-rwxr-xr-x 1 uc3 osgvo   38586 Oct 28 13:52 cuneiform-page-0048.html
-rwxr-xr-x 1 uc3 osgvo   42598 Oct 28 13:52 cuneiform-page-0049.html
-rwxr-xr-x 1 uc3 osgvo   36339 Oct 28 13:52 cuneiform-page-0050.html
-rwxr-xr-x 1 uc3 osgvo   38251 Oct 28 13:52 cuneiform-page-0051.html
-rwxr-xr-x 1 uc3 osgvo   34815 Oct 28 13:52 cuneiform-page-0052.html
-rwxr-xr-x 1 uc3 osgvo   42634 Oct 28 13:52 cuneiform-page-0053.html
-rwxr-xr-x 1 uc3 osgvo   34766 Oct 28 13:52 cuneiform-page-0054.html
-rwxr-xr-x 1 uc3 osgvo   39476 Oct 28 13:52 cuneiform-page-0055.html
-rwxr-xr-x 1 uc3 osgvo   38339 Oct 28 13:52 cuneiform-page-0056.html
-rwxr-xr-x 1 uc3 osgvo   38316 Oct 28 13:52 cuneiform-page-0057.html
-rwxr-xr-x 1 uc3 osgvo   40711 Oct 28 13:52 cuneiform-page-0058.html
-rwxr-xr-x 1 uc3 osgvo   38432 Oct 28 13:52 cuneiform-page-0059.html
-rwxr-xr-x 1 uc3 osgvo   34049 Oct 28 13:52 cuneiform-page-0060.html
-rwxr-xr-x 1 uc3 osgvo   34894 Oct 28 13:52 cuneiform-page-0061.html
-rwxr-xr-x 1 uc3 osgvo   30236 Oct 28 13:52 cuneiform-page-0062.html
-rwxr-xr-x 1 uc3 osgvo   32584 Oct 28 13:52 cuneiform-page-0063.html
-rwxr-xr-x 1 uc3 osgvo   42343 Oct 28 13:52 cuneiform-page-0064.html
-rwxr-xr-x 1 uc3 osgvo   39286 Oct 28 13:52 cuneiform-page-0065.html
-rwxr-xr-x 1 uc3 osgvo   28230 Oct 28 13:52 cuneiform-page-0066.html
-rwxr-xr-x 1 uc3 osgvo   35551 Oct 28 13:52 cuneiform-page-0067.html
-rwxr-xr-x 1 uc3 osgvo   36676 Oct 28 13:52 cuneiform-page-0068.html
-rwxr-xr-x 1 uc3 osgvo   29012 Oct 28 13:52 cuneiform-page-0069.html
-rwxr-xr-x 1 uc3 osgvo   41088 Oct 28 13:52 cuneiform-page-0070.html
-rwxr-xr-x 1 uc3 osgvo   23798 Oct 28 13:52 cuneiform-page-0071.html
-rwxr-xr-x 1 uc3 osgvo   39268 Oct 28 13:52 cuneiform-page-0072.html
-rwxr-xr-x 1 uc3 osgvo   32650 Oct 28 13:52 cuneiform-page-0073.html
-rwxr-xr-x 1 uc3 osgvo   33473 Oct 28 13:52 cuneiform-page-0074.html
-rwxr-xr-x 1 uc3 osgvo   25535 Oct 28 13:52 cuneiform-page-0075.html
-rwxr-xr-x 1 uc3 osgvo   25876 Oct 28 13:52 cuneiform-page-0076.html
-rwxr-xr-x 1 uc3 osgvo   29178 Oct 28 13:52 cuneiform-page-0077.html
-rwxr-xr-x 1 uc3 osgvo   34552 Oct 28 13:52 cuneiform-page-0078.html
-rwxr-xr-x 1 uc3 osgvo   29552 Oct 28 13:52 cuneiform-page-0079.html
-rwxr-xr-x 1 uc3 osgvo   30755 Oct 28 13:52 cuneiform-page-0080.html
-rwxr-xr-x 1 uc3 osgvo   31369 Oct 28 13:52 cuneiform-page-0081.html
-rwxr-xr-x 1 uc3 osgvo   33627 Oct 28 13:52 cuneiform-page-0082.html
-rwxr-xr-x 1 uc3 osgvo   37182 Oct 28 13:52 cuneiform-page-0083.html
-rwxr-xr-x 1 uc3 osgvo   29916 Oct 28 13:52 cuneiform-page-0084.html
-rwxr-xr-x 1 uc3 osgvo   35267 Oct 28 13:52 cuneiform-page-0085.html
-rwxr-xr-x 1 uc3 osgvo   31361 Oct 28 13:52 cuneiform-page-0086.html
-rwxr-xr-x 1 uc3 osgvo   29627 Oct 28 13:52 cuneiform-page-0087.html
-rwxr-xr-x 1 uc3 osgvo   33451 Oct 28 13:52 cuneiform-page-0088.html
-rwxr-xr-x 1 uc3 osgvo   32132 Oct 28 13:52 cuneiform-page-0089.html
-rwxr-xr-x 1 uc3 osgvo   36817 Oct 28 13:52 cuneiform-page-0090.html
-rwxr-xr-x 1 uc3 osgvo   35779 Oct 28 13:52 cuneiform-page-0091.html
-rwxr-xr-x 1 uc3 osgvo   34440 Oct 28 13:52 cuneiform-page-0092.html
-rwxr-xr-x 1 uc3 osgvo   34856 Oct 28 13:52 cuneiform-page-0093.html
-rwxr-xr-x 1 uc3 osgvo   35602 Oct 28 13:52 cuneiform-page-0094.html
-rwxr-xr-x 1 uc3 osgvo   37238 Oct 28 13:52 cuneiform-page-0095.html
-rwxr-xr-x 1 uc3 osgvo   36885 Oct 28 13:52 cuneiform-page-0096.html
-rwxr-xr-x 1 uc3 osgvo   39713 Oct 28 13:52 cuneiform-page-0097.html
-rwxr-xr-x 1 uc3 osgvo   35580 Oct 28 13:52 cuneiform-page-0098.html
-rwxr-xr-x 1 uc3 osgvo   37074 Oct 28 13:52 cuneiform-page-0099.html
-rwxr-xr-x 1 uc3 osgvo   36995 Oct 28 13:52 cuneiform-page-0100.html
-rwxr-xr-x 1 uc3 osgvo   37901 Oct 28 13:52 cuneiform-page-0101.html
-rwxr-xr-x 1 uc3 osgvo   40642 Oct 28 13:52 cuneiform-page-0102.html
-rwxr-xr-x 1 uc3 osgvo   36961 Oct 28 13:52 cuneiform-page-0103.html
-rwxr-xr-x 1 uc3 osgvo   38682 Oct 28 13:52 cuneiform-page-0104.html
-rwxr-xr-x 1 uc3 osgvo   37199 Oct 28 13:52 cuneiform-page-0105.html
-rwxr-xr-x 1 uc3 osgvo   33893 Oct 28 13:52 cuneiform-page-0106.html
-rwxr-xr-x 1 uc3 osgvo   36188 Oct 28 13:52 cuneiform-page-0107.html
-rwxr-xr-x 1 uc3 osgvo   39034 Oct 28 13:52 cuneiform-page-0108.html
-rwxr-xr-x 1 uc3 osgvo   37901 Oct 28 13:52 cuneiform-page-0109.html
-rwxr-xr-x 1 uc3 osgvo   35565 Oct 28 13:52 cuneiform-page-0110.html
-rwxr-xr-x 1 uc3 osgvo   35498 Oct 28 13:52 cuneiform-page-0111.html
-rwxr-xr-x 1 uc3 osgvo   32824 Oct 28 13:52 cuneiform-page-0112.html
-rwxr-xr-x 1 uc3 osgvo   35337 Oct 28 13:52 cuneiform-page-0113.html
-rwxr-xr-x 1 uc3 osgvo   20039 Oct 28 13:52 cuneiform-page-0114.html
drwxr-xr-x 2 uc3 osgvo    4096 Oct 28 13:55 cuneiform_fonttype
-rw-r--r-- 1 uc3 osgvo      94 Oct 28 13:52 do.sh
-rwxr-xr-x 1 uc3 osgvo 2175819 Oct 28 13:52 input.text
chmod: cannot access `sh': No such file or directory
/bin/sleep
about to execute <<sh do.sh>>
SANDBOX SPACE:
33M	.
Done Running 40104 /var/lib/condor/execute/dir_1226/glide_qo1304/execute/dir_16430 Result was <0>
Results are:total 11856
-rw-r--r-- 1 uc3 osgvo     264 Oct 28 13:59 AuditLog.40104
-rw-r--r-- 1 uc3 osgvo     118 Oct 28 13:55 CURLTIME_16434
-rw-r--r-- 1 uc3 osgvo   26595 Oct 28 13:59 ChtcWrapper40104.out
-rw-r--r-- 1 uc3 osgvo 4703655 Oct 28 13:55 SLIBS1.tar.gz
drwxr-xr-x 2 uc3 osgvo    4096 Oct 25  2011 SS
-rw-r--r-- 1 uc3 osgvo     317 Oct 28 13:55 _condor_stderr
-rw-r--r-- 1 uc3 osgvo    6600 Oct 28 13:55 _condor_stdout
-rwxr-xr-x 1 uc3 osgvo   35251 Oct 28 13:55 chtcinnerwrapper
-rwxr-xr-x 1 uc3 osgvo    5393 Oct 28 13:52 condor_exec.exe
-rwxr-xr-x 1 uc3 osgvo   43765 Oct 28 13:59 cuneiform-page-0001.html
-rwxr-xr-x 1 uc3 osgvo   11488 Oct 28 13:59 cuneiform-page-0002.html
-rwxr-xr-x 1 uc3 osgvo   85089 Oct 28 13:59 cuneiform-page-0003.html
-rwxr-xr-x 1 uc3 osgvo   46951 Oct 28 13:59 cuneiform-page-0004.html
-rwxr-xr-x 1 uc3 osgvo   39968 Oct 28 13:59 cuneiform-page-0005.html
-rwxr-xr-x 1 uc3 osgvo   40181 Oct 28 13:59 cuneiform-page-0006.html
-rwxr-xr-x 1 uc3 osgvo   17817 Oct 28 13:59 cuneiform-page-0007.html
-rwxr-xr-x 1 uc3 osgvo   15933 Oct 28 13:59 cuneiform-page-0008.html
-rwxr-xr-x 1 uc3 osgvo   40218 Oct 28 13:59 cuneiform-page-0009.html
-rwxr-xr-x 1 uc3 osgvo   39607 Oct 28 13:59 cuneiform-page-0010.html
-rwxr-xr-x 1 uc3 osgvo   31499 Oct 28 13:59 cuneiform-page-0011.html
-rwxr-xr-x 1 uc3 osgvo   28026 Oct 28 13:59 cuneiform-page-0012.html
-rwxr-xr-x 1 uc3 osgvo   18321 Oct 28 13:59 cuneiform-page-0013.html
-rwxr-xr-x 1 uc3 osgvo   21395 Oct 28 13:59 cuneiform-page-0014.html
-rwxr-xr-x 1 uc3 osgvo   26935 Oct 28 13:59 cuneiform-page-0015.html
-rwxr-xr-x 1 uc3 osgvo   22849 Oct 28 13:59 cuneiform-page-0016.html
-rwxr-xr-x 1 uc3 osgvo   21532 Oct 28 13:59 cuneiform-page-0017.html
-rwxr-xr-x 1 uc3 osgvo   18240 Oct 28 13:59 cuneiform-page-0018.html
-rwxr-xr-x 1 uc3 osgvo   20384 Oct 28 13:59 cuneiform-page-0019.html
-rwxr-xr-x 1 uc3 osgvo   14577 Oct 28 13:59 cuneiform-page-0020.html
-rwxr-xr-x 1 uc3 osgvo   14714 Oct 28 13:59 cuneiform-page-0021.html
-rwxr-xr-x 1 uc3 osgvo   24434 Oct 28 13:59 cuneiform-page-0022.html
-rwxr-xr-x 1 uc3 osgvo   38535 Oct 28 13:59 cuneiform-page-0023.html
-rwxr-xr-x 1 uc3 osgvo   44766 Oct 28 13:59 cuneiform-page-0024.html
-rwxr-xr-x 1 uc3 osgvo   39816 Oct 28 13:59 cuneiform-page-0025.html
-rwxr-xr-x 1 uc3 osgvo   36096 Oct 28 13:59 cuneiform-page-0026.html
-rwxr-xr-x 1 uc3 osgvo   31581 Oct 28 13:59 cuneiform-page-0027.html
-rwxr-xr-x 1 uc3 osgvo   37018 Oct 28 13:59 cuneiform-page-0028.html
-rwxr-xr-x 1 uc3 osgvo   41061 Oct 28 13:59 cuneiform-page-0029.html
-rwxr-xr-x 1 uc3 osgvo   30326 Oct 28 13:59 cuneiform-page-0030.html
-rwxr-xr-x 1 uc3 osgvo   14056 Oct 28 13:59 cuneiform-page-0031.html
-rwxr-xr-x 1 uc3 osgvo   39179 Oct 28 13:59 cuneiform-page-0032.html
-rwxr-xr-x 1 uc3 osgvo   39639 Oct 28 13:59 cuneiform-page-0033.html
-rwxr-xr-x 1 uc3 osgvo   33096 Oct 28 13:59 cuneiform-page-0034.html
-rwxr-xr-x 1 uc3 osgvo   39913 Oct 28 13:59 cuneiform-page-0035.html
-rwxr-xr-x 1 uc3 osgvo   37291 Oct 28 13:59 cuneiform-page-0036.html
-rwxr-xr-x 1 uc3 osgvo   32455 Oct 28 13:59 cuneiform-page-0037.html
-rwxr-xr-x 1 uc3 osgvo   33164 Oct 28 13:59 cuneiform-page-0038.html
-rwxr-xr-x 1 uc3 osgvo   31817 Oct 28 13:59 cuneiform-page-0039.html
-rwxr-xr-x 1 uc3 osgvo   37564 Oct 28 13:59 cuneiform-page-0040.html
-rwxr-xr-x 1 uc3 osgvo   17924 Oct 28 13:59 cuneiform-page-0041.html
-rwxr-xr-x 1 uc3 osgvo   39013 Oct 28 13:59 cuneiform-page-0042.html
-rwxr-xr-x 1 uc3 osgvo   27012 Oct 28 13:59 cuneiform-page-0043.html
-rwxr-xr-x 1 uc3 osgvo   25430 Oct 28 13:59 cuneiform-page-0044.html
-rwxr-xr-x 1 uc3 osgvo   31861 Oct 28 13:59 cuneiform-page-0045.html
-rwxr-xr-x 1 uc3 osgvo   32230 Oct 28 13:59 cuneiform-page-0046.html
-rwxr-xr-x 1 uc3 osgvo   38236 Oct 28 13:59 cuneiform-page-0047.html
-rwxr-xr-x 1 uc3 osgvo   38586 Oct 28 13:59 cuneiform-page-0048.html
-rwxr-xr-x 1 uc3 osgvo   42598 Oct 28 13:59 cuneiform-page-0049.html
-rwxr-xr-x 1 uc3 osgvo   36339 Oct 28 13:59 cuneiform-page-0050.html
-rwxr-xr-x 1 uc3 osgvo   38251 Oct 28 13:59 cuneiform-page-0051.html
-rwxr-xr-x 1 uc3 osgvo   34815 Oct 28 13:59 cuneiform-page-0052.html
-rwxr-xr-x 1 uc3 osgvo   42634 Oct 28 13:59 cuneiform-page-0053.html
-rwxr-xr-x 1 uc3 osgvo   34766 Oct 28 13:59 cuneiform-page-0054.html
-rwxr-xr-x 1 uc3 osgvo   39476 Oct 28 13:59 cuneiform-page-0055.html
-rwxr-xr-x 1 uc3 osgvo   38339 Oct 28 13:59 cuneiform-page-0056.html
-rwxr-xr-x 1 uc3 osgvo   38316 Oct 28 13:59 cuneiform-page-0057.html
-rwxr-xr-x 1 uc3 osgvo   40711 Oct 28 13:59 cuneiform-page-0058.html
-rwxr-xr-x 1 uc3 osgvo   38432 Oct 28 13:59 cuneiform-page-0059.html
-rwxr-xr-x 1 uc3 osgvo   34049 Oct 28 13:59 cuneiform-page-0060.html
-rwxr-xr-x 1 uc3 osgvo   34894 Oct 28 13:59 cuneiform-page-0061.html
-rwxr-xr-x 1 uc3 osgvo   30236 Oct 28 13:59 cuneiform-page-0062.html
-rwxr-xr-x 1 uc3 osgvo   32584 Oct 28 13:59 cuneiform-page-0063.html
-rwxr-xr-x 1 uc3 osgvo   42343 Oct 28 13:59 cuneiform-page-0064.html
-rwxr-xr-x 1 uc3 osgvo   39286 Oct 28 13:59 cuneiform-page-0065.html
-rwxr-xr-x 1 uc3 osgvo   28230 Oct 28 13:59 cuneiform-page-0066.html
-rwxr-xr-x 1 uc3 osgvo   35551 Oct 28 13:59 cuneiform-page-0067.html
-rwxr-xr-x 1 uc3 osgvo   36676 Oct 28 13:59 cuneiform-page-0068.html
-rwxr-xr-x 1 uc3 osgvo   29012 Oct 28 13:59 cuneiform-page-0069.html
-rwxr-xr-x 1 uc3 osgvo   41088 Oct 28 13:59 cuneiform-page-0070.html
-rwxr-xr-x 1 uc3 osgvo   23798 Oct 28 13:59 cuneiform-page-0071.html
-rwxr-xr-x 1 uc3 osgvo   39268 Oct 28 13:59 cuneiform-page-0072.html
-rwxr-xr-x 1 uc3 osgvo   32650 Oct 28 13:59 cuneiform-page-0073.html
-rwxr-xr-x 1 uc3 osgvo   33473 Oct 28 13:59 cuneiform-page-0074.html
-rwxr-xr-x 1 uc3 osgvo   25535 Oct 28 13:59 cuneiform-page-0075.html
-rwxr-xr-x 1 uc3 osgvo   25876 Oct 28 13:59 cuneiform-page-0076.html
-rwxr-xr-x 1 uc3 osgvo   29178 Oct 28 13:59 cuneiform-page-0077.html
-rwxr-xr-x 1 uc3 osgvo   34552 Oct 28 13:59 cuneiform-page-0078.html
-rwxr-xr-x 1 uc3 osgvo   29552 Oct 28 13:59 cuneiform-page-0079.html
-rwxr-xr-x 1 uc3 osgvo   30755 Oct 28 13:59 cuneiform-page-0080.html
-rwxr-xr-x 1 uc3 osgvo   31369 Oct 28 13:59 cuneiform-page-0081.html
-rwxr-xr-x 1 uc3 osgvo   33627 Oct 28 13:59 cuneiform-page-0082.html
-rwxr-xr-x 1 uc3 osgvo   37182 Oct 28 13:59 cuneiform-page-0083.html
-rwxr-xr-x 1 uc3 osgvo   29916 Oct 28 13:59 cuneiform-page-0084.html
-rwxr-xr-x 1 uc3 osgvo   35267 Oct 28 13:59 cuneiform-page-0085.html
-rwxr-xr-x 1 uc3 osgvo   31361 Oct 28 13:59 cuneiform-page-0086.html
-rwxr-xr-x 1 uc3 osgvo   29627 Oct 28 13:59 cuneiform-page-0087.html
-rwxr-xr-x 1 uc3 osgvo   33451 Oct 28 13:59 cuneiform-page-0088.html
-rwxr-xr-x 1 uc3 osgvo   32132 Oct 28 13:59 cuneiform-page-0089.html
-rwxr-xr-x 1 uc3 osgvo   36817 Oct 28 13:59 cuneiform-page-0090.html
-rwxr-xr-x 1 uc3 osgvo   35779 Oct 28 13:59 cuneiform-page-0091.html
-rwxr-xr-x 1 uc3 osgvo   34440 Oct 28 13:59 cuneiform-page-0092.html
-rwxr-xr-x 1 uc3 osgvo   34856 Oct 28 13:59 cuneiform-page-0093.html
-rwxr-xr-x 1 uc3 osgvo   35602 Oct 28 13:59 cuneiform-page-0094.html
-rwxr-xr-x 1 uc3 osgvo   37238 Oct 28 13:59 cuneiform-page-0095.html
-rwxr-xr-x 1 uc3 osgvo   36885 Oct 28 13:59 cuneiform-page-0096.html
-rwxr-xr-x 1 uc3 osgvo   39713 Oct 28 13:59 cuneiform-page-0097.html
-rwxr-xr-x 1 uc3 osgvo   35580 Oct 28 13:59 cuneiform-page-0098.html
-rwxr-xr-x 1 uc3 osgvo   37074 Oct 28 13:59 cuneiform-page-0099.html
-rwxr-xr-x 1 uc3 osgvo   36995 Oct 28 13:59 cuneiform-page-0100.html
-rwxr-xr-x 1 uc3 osgvo   37901 Oct 28 13:59 cuneiform-page-0101.html
-rwxr-xr-x 1 uc3 osgvo   40642 Oct 28 13:59 cuneiform-page-0102.html
-rwxr-xr-x 1 uc3 osgvo   36961 Oct 28 13:59 cuneiform-page-0103.html
-rwxr-xr-x 1 uc3 osgvo   38682 Oct 28 13:59 cuneiform-page-0104.html
-rwxr-xr-x 1 uc3 osgvo   37199 Oct 28 13:59 cuneiform-page-0105.html
-rwxr-xr-x 1 uc3 osgvo   33893 Oct 28 13:59 cuneiform-page-0106.html
-rwxr-xr-x 1 uc3 osgvo   36188 Oct 28 13:59 cuneiform-page-0107.html
-rwxr-xr-x 1 uc3 osgvo   39034 Oct 28 13:59 cuneiform-page-0108.html
-rwxr-xr-x 1 uc3 osgvo   37901 Oct 28 13:59 cuneiform-page-0109.html
-rwxr-xr-x 1 uc3 osgvo   35565 Oct 28 13:59 cuneiform-page-0110.html
-rwxr-xr-x 1 uc3 osgvo   35498 Oct 28 13:59 cuneiform-page-0111.html
-rwxr-xr-x 1 uc3 osgvo   32824 Oct 28 13:59 cuneiform-page-0112.html
-rwxr-xr-x 1 uc3 osgvo   35337 Oct 28 13:59 cuneiform-page-0113.html
-rwxr-xr-x 1 uc3 osgvo   20039 Oct 28 13:59 cuneiform-page-0114.html
drwxr-xr-x 2 uc3 osgvo    4096 Oct 28 13:55 cuneiform_fonttype
-rw-r--r-- 1 uc3 osgvo      94 Oct 28 13:52 do.sh
-rw-r--r-- 1 uc3 osgvo 1073165 Oct 28 13:59 fonts.text
-rwxr-xr-x 1 uc3 osgvo 2175819 Oct 28 13:59 input.text
drwxr-xr-x 2 uc3 osgvo    4096 Oct 28 13:55 rs
