000 (486413.000.000) 10/28 13:55:55 Job submitted from host: <144.92.142.172:9620?sock=19151_5432_3>
    DAG Node: 40104+40104
...
001 (486413.000.000) 10/28 13:55:59 Job executing on host: <10.1.3.108:45400?CCBID=128.104.59.136:9624#138075&noUDP>
...
006 (486413.000.000) 10/28 13:56:07 Image size of job updated: 131996
	58  -  MemoryUsage of job (MB)
	58504  -  ResidentSetSize of job (KB)
...
005 (486413.000.000) 10/28 13:59:18 Job terminated.
	(1) Normal termination (return value 0)
		Usr 0 00:03:00, Sys 0 00:00:00  -  Run Remote Usage
		Usr 0 00:00:00, Sys 0 00:00:00  -  Run Local Usage
		Usr 0 00:03:00, Sys 0 00:00:00  -  Total Remote Usage
		Usr 0 00:00:00, Sys 0 00:00:00  -  Total Local Usage
	7129039  -  Run Bytes Sent By Job
	6032431  -  Run Bytes Received By Job
	7129039  -  Total Bytes Sent By Job
	6032431  -  Total Bytes Received By Job
	Partitionable Resources :    Usage  Request Allocated
	   Cpus                 :                 1         1
	   Disk (KB)            :    37505  2000000 791540372
	   Memory (MB)          :       58     2000      2500
...
